<?xml version="1.0" encoding="UTF-8"?>
<!-- Generated by org.testng.reporters.JUnitXMLReporter -->
<testsuite ignored="2" hostname="DESKTOP-SALM10G" failures="0" tests="2" name="Dasman" time="0.39" errors="0" timestamp="2022-03-28T13:48:06 EET">
  <testcase classname="AdminCompany.UserRequestSearchTest" name="SearchForVendorName" time="0.01"/>
  <testcase classname="IPS.Dasman.AdminloginTest" name="loginAsAdmin" time="0.322"/>
  <testcase classname="IPS.Dasman.TestBase" name="@AfterSuite quitBrowser" time="0.0">
    <ignored/>
  </testcase> <!-- @AfterSuite quitBrowser -->
  <testcase classname="IPS.Dasman.TestBase" name="@BeforeSuite openBrowser" time="0.0">
    <ignored/>
  </testcase> <!-- @BeforeSuite openBrowser -->
</testsuite> <!-- Dasman -->
