<?xml version="1.0" encoding="UTF-8"?>
<testng-results ignored="0" total="1" passed="1" failed="0" skipped="0">
  <reporter-output>
  </reporter-output>
  <suite started-at="2022-03-28T15:57:45 EET" name="Default suite" finished-at="2022-03-28T15:58:31 EET" duration-ms="46181">
    <groups>
    </groups>
    <test started-at="2022-03-28T15:57:45 EET" name="Default test" finished-at="2022-03-28T15:58:31 EET" duration-ms="46181">
      <class name="IPS.Dasman.VendorLoginTest">
        <test-method is-config="true" signature="openBrowser()[pri:0, instance:IPS.Dasman.VendorLoginTest@2de56eb2]" started-at="2022-03-28T15:57:32 EET" name="openBrowser" finished-at="2022-03-28T15:57:45 EET" duration-ms="12842" status="PASS">
          <reporter-output>
          </reporter-output>
        </test-method> <!-- openBrowser -->
        <test-method signature="loginAsVendor()[pri:0, instance:IPS.Dasman.VendorLoginTest@2de56eb2]" started-at="2022-03-28T15:57:45 EET" name="loginAsVendor" finished-at="2022-03-28T15:58:20 EET" duration-ms="35534" status="PASS">
          <reporter-output>
          </reporter-output>
        </test-method> <!-- loginAsVendor -->
        <test-method is-config="true" signature="screenshotOnFailure(org.testng.ITestResult)[pri:0, instance:IPS.Dasman.VendorLoginTest@2de56eb2]" started-at="2022-03-28T15:58:22 EET" name="screenshotOnFailure" finished-at="2022-03-28T15:58:22 EET" duration-ms="188" status="PASS">
          <params>
            <param index="0">
              <value>
                <![CDATA[[TestResult name=loginAsVendor status=SUCCESS method=VendorLoginTest.loginAsVendor()[pri:0, instance:IPS.Dasman.VendorLoginTest@2de56eb2] output={null}]]]>
              </value>
            </param>
          </params>
          <reporter-output>
          </reporter-output>
        </test-method> <!-- screenshotOnFailure -->
        <test-method is-config="true" signature="quitBrowser()[pri:0, instance:IPS.Dasman.VendorLoginTest@2de56eb2]" started-at="2022-03-28T15:58:33 EET" name="quitBrowser" finished-at="2022-03-28T15:58:34 EET" duration-ms="1304" status="PASS">
          <reporter-output>
          </reporter-output>
        </test-method> <!-- quitBrowser -->
      </class> <!-- IPS.Dasman.VendorLoginTest -->
    </test> <!-- Default test -->
  </suite> <!-- Default suite -->
</testng-results>
